<?xml version="1.0" encoding="UTF-8"?>
<testng-results ignored="0" total="9" passed="9" failed="0" skipped="0">
  <reporter-output>
  </reporter-output>
  <suite started-at="2024-07-05T10:25:22 IST" name="Default suite" finished-at="2024-07-05T10:25:31 IST" duration-ms="8693">
    <groups>
    </groups>
    <test started-at="2024-07-05T10:25:22 IST" name="Default test" finished-at="2024-07-05T10:25:31 IST" duration-ms="8693">
      <class name="com.serialization.Sample">
        <test-method signature="login()[pri:-1, instance:com.serialization.Sample@16eb3ea3]" started-at="2024-07-05T10:25:22 IST" name="login" finished-at="2024-07-05T10:25:25 IST" duration-ms="2303" status="PASS">
          <reporter-output>
          </reporter-output>
        </test-method> <!-- login -->
        <test-method signature="searchProduct()[pri:0, instance:com.serialization.Sample@16eb3ea3]" started-at="2024-07-05T10:25:25 IST" name="searchProduct" finished-at="2024-07-05T10:25:25 IST" duration-ms="878" status="PASS">
          <reporter-output>
          </reporter-output>
        </test-method> <!-- searchProduct -->
        <test-method signature="stateList()[pri:1, instance:com.serialization.Sample@16eb3ea3]" started-at="2024-07-05T10:25:25 IST" name="stateList" finished-at="2024-07-05T10:25:26 IST" duration-ms="745" status="PASS">
          <reporter-output>
          </reporter-output>
        </test-method> <!-- stateList -->
        <test-method signature="cityList()[pri:2, instance:com.serialization.Sample@16eb3ea3]" started-at="2024-07-05T10:25:26 IST" name="cityList" finished-at="2024-07-05T10:25:27 IST" duration-ms="918" status="PASS">
          <reporter-output>
          </reporter-output>
        </test-method> <!-- cityList -->
        <test-method signature="addProfilePic()[pri:3, instance:com.serialization.Sample@16eb3ea3]" started-at="2024-07-05T10:25:27 IST" name="addProfilePic" finished-at="2024-07-05T10:25:28 IST" duration-ms="826" status="PASS">
          <reporter-output>
          </reporter-output>
        </test-method> <!-- addProfilePic -->
        <test-method signature="addAddress()[pri:4, instance:com.serialization.Sample@16eb3ea3]" started-at="2024-07-05T10:25:28 IST" name="addAddress" finished-at="2024-07-05T10:25:29 IST" duration-ms="804" status="PASS">
          <reporter-output>
          </reporter-output>
        </test-method> <!-- addAddress -->
        <test-method signature="updateAddress()[pri:5, instance:com.serialization.Sample@16eb3ea3]" started-at="2024-07-05T10:25:29 IST" name="updateAddress" finished-at="2024-07-05T10:25:30 IST" duration-ms="784" status="PASS">
          <reporter-output>
          </reporter-output>
        </test-method> <!-- updateAddress -->
        <test-method signature="getUserAddress()[pri:6, instance:com.serialization.Sample@16eb3ea3]" started-at="2024-07-05T10:25:30 IST" name="getUserAddress" finished-at="2024-07-05T10:25:30 IST" duration-ms="774" status="PASS">
          <reporter-output>
          </reporter-output>
        </test-method> <!-- getUserAddress -->
        <test-method signature="deleteAddress()[pri:7, instance:com.serialization.Sample@16eb3ea3]" started-at="2024-07-05T10:25:30 IST" name="deleteAddress" finished-at="2024-07-05T10:25:31 IST" duration-ms="616" status="PASS">
          <reporter-output>
          </reporter-output>
        </test-method> <!-- deleteAddress -->
      </class> <!-- com.serialization.Sample -->
    </test> <!-- Default test -->
  </suite> <!-- Default suite -->
</testng-results>
